SF:lib/src/models/flavor_project_context.dart
DA:7,2
DA:12,2
DA:27,2
DA:28,2
DA:29,1
DA:31,8
LF:6
LH:6
end_of_record
SF:lib/src/utils/validation.dart
DA:1,6
DA:2,6
DA:4,6
DA:6,2
DA:7,6
DA:9,2
DA:11,2
DA:12,2
DA:13,4
DA:14,4
DA:15,4
DA:16,2
LF:12
LH:12
end_of_record
SF:lib/src/models/flavor_definition.dart
DA:7,3
DA:59,2
DA:60,2
DA:61,2
DA:62,2
DA:63,1
DA:64,2
DA:65,2
DA:66,3
DA:67,2
DA:68,2
DA:69,2
DA:70,2
DA:71,4
DA:72,4
DA:76,1
DA:77,1
DA:78,1
DA:79,1
DA:80,1
DA:81,1
DA:82,1
DA:83,1
DA:84,1
DA:85,1
DA:86,1
DA:87,1
DA:88,1
DA:90,1
DA:91,1
DA:93,1
DA:94,1
DA:100,1
DA:114,1
DA:115,1
DA:116,1
DA:117,1
DA:119,1
DA:120,1
DA:121,1
DA:122,1
DA:123,1
DA:124,1
DA:126,1
DA:127,1
DA:129,1
DA:130,1
DA:131,1
DA:135,1
DA:136,2
DA:138,1
DA:141,1
DA:142,3
DA:143,3
DA:145,1
DA:146,2
LF:56
LH:56
end_of_record
SF:lib/src/services/project_inspector.dart
DA:9,2
DA:26,1
DA:27,1
DA:31,1
DA:32,4
DA:33,1
DA:34,4
DA:38,3
DA:39,2
DA:40,2
DA:41,2
DA:44,1
DA:45,2
DA:47,1
DA:48,2
DA:50,1
DA:51,1
DA:59,1
DA:60,1
DA:61,2
DA:68,1
DA:69,1
DA:72,1
DA:73,2
DA:75,1
DA:78,0
DA:79,0
DA:81,0
DA:84,0
DA:85,0
DA:87,0
DA:88,0
DA:91,1
DA:92,1
DA:93,2
DA:98,1
DA:99,1
DA:102,1
DA:103,1
DA:106,1
DA:108,1
DA:109,1
DA:113,1
DA:114,3
DA:116,1
DA:117,1
DA:118,1
DA:120,1
DA:122,2
DA:128,1
DA:129,2
DA:130,3
DA:131,4
DA:132,1
DA:133,1
DA:137,1
DA:138,1
DA:139,3
DA:140,2
DA:142,1
LF:60
LH:53
end_of_record
SF:lib/src/models/flavor_asset_bundle.dart
DA:3,1
DA:12,2
DA:15,2
LF:3
LH:3
end_of_record
SF:lib/src/config/flavors_config_parser.dart
DA:18,1
DA:19,1
DA:24,1
DA:25,1
DA:26,2
DA:27,1
DA:30,1
DA:31,1
DA:32,1
DA:35,2
DA:37,3
DA:39,1
DA:40,2
DA:42,1
DA:43,2
DA:45,1
DA:46,1
DA:52,1
DA:53,2
DA:54,1
DA:57,1
DA:59,3
DA:60,1
DA:61,1
DA:62,2
DA:64,2
DA:70,1
DA:75,1
DA:76,1
DA:77,1
DA:78,2
DA:85,1
DA:86,1
DA:87,1
DA:92,1
DA:93,1
DA:94,1
DA:99,1
DA:100,2
DA:102,1
DA:103,1
DA:104,1
DA:105,1
DA:109,1
DA:111,1
DA:116,1
DA:118,1
DA:123,1
DA:124,1
DA:126,1
DA:127,1
DA:129,1
DA:130,1
DA:131,1
DA:134,2
DA:135,4
DA:139,1
DA:140,1
DA:142,1
DA:147,1
DA:151,1
DA:157,1
DA:163,1
DA:167,1
DA:171,1
DA:172,1
DA:173,1
DA:176,2
DA:179,1
DA:183,1
DA:184,1
DA:185,1
DA:189,1
DA:190,1
DA:191,1
DA:194,2
DA:197,1
DA:198,1
DA:199,2
DA:200,5
DA:205,1
DA:206,1
DA:207,2
DA:209,1
DA:210,1
DA:211,3
DA:217,1
DA:221,1
DA:222,1
DA:227,1
DA:231,1
DA:232,1
DA:235,1
DA:236,1
DA:238,2
DA:240,1
DA:241,1
DA:242,1
DA:245,2
DA:246,1
DA:247,1
DA:253,1
DA:259,2
DA:262,1
DA:263,2
DA:264,1
DA:265,1
LF:107
LH:107
end_of_record
SF:lib/src/utils/flavor_defaults.dart
DA:1,2
DA:5,2
DA:6,2
DA:7,2
DA:10,2
DA:11,1
DA:13,2
DA:16,2
DA:17,2
DA:18,2
DA:19,2
DA:22,2
DA:23,1
DA:25,2
DA:28,2
DA:33,4
DA:34,6
DA:35,12
DA:36,2
DA:37,2
DA:40,2
LF:21
LH:21
end_of_record
